<?xml version="1.0" encoding="UTF-8"?>
<testng-results skipped="0" failed="1" ignored="0" total="1" passed="0">
  <reporter-output>
  </reporter-output>
  <suite name="Automation Test Report" duration-ms="47345" started-at="2019-09-24T09:59:42 IST" finished-at="2019-09-24T10:00:29 IST">
    <groups>
    </groups>
    <test name="Automation Test Report" duration-ms="47345" started-at="2019-09-24T09:59:42 IST" finished-at="2019-09-24T10:00:29 IST">
      <class name="com.testautomation.TestRunner.TestRunner">
        <test-method status="PASS" signature="setUpClass()[pri:0, instance:com.testautomation.TestRunner.TestRunner@2bbf4b8b]" name="setUpClass" is-config="true" duration-ms="370" started-at="2019-09-24T09:59:42 IST" finished-at="2019-09-24T09:59:42 IST">
          <reporter-output>
          </reporter-output>
        </test-method> <!-- setUpClass -->
        <test-method status="FAIL" signature="feature(cucumber.api.testng.PickleEventWrapper, cucumber.api.testng.CucumberFeatureWrapper)[pri:0, instance:com.testautomation.TestRunner.TestRunner@2bbf4b8b]" name="feature" duration-ms="46245" started-at="2019-09-24T09:59:43 IST" data-provider="features" finished-at="2019-09-24T10:00:29 IST">
          <params>
            <param index="0">
              <value>
                <![CDATA["Youtube channel name validations"]]>
              </value>
            </param>
            <param index="1">
              <value>
                <![CDATA["Youtube channel name validation"]]>
              </value>
            </param>
          </params>
          <exception class="org.openqa.selenium.NoSuchSessionException">
            <message>
              <![CDATA[Session ID is null. Using WebDriver after calling quit()?
Build info: version: '3.11.0', revision: 'e59cfb3', time: '2018-03-11T20:26:55.152Z'
System info: host: 'MANOJKUMAR', ip: '192.168.206.1', os.name: 'Windows 10', os.arch: 'amd64', os.version: '10.0', java.version: '1.8.0_221'
Driver info: driver.version: RemoteWebDriver]]>
            </message>
            <full-stacktrace>
              <![CDATA[org.openqa.selenium.NoSuchSessionException: Session ID is null. Using WebDriver after calling quit()?
Build info: version: '3.11.0', revision: 'e59cfb3', time: '2018-03-11T20:26:55.152Z'
System info: host: 'MANOJKUMAR', ip: '192.168.206.1', os.name: 'Windows 10', os.arch: 'amd64', os.version: '10.0', java.version: '1.8.0_221'
Driver info: driver.version: RemoteWebDriver
at org.openqa.selenium.remote.HttpCommandExecutor.execute(HttpCommandExecutor.java:125)
at org.openqa.selenium.remote.service.DriverCommandExecutor.execute(DriverCommandExecutor.java:83)
at org.openqa.selenium.remote.RemoteWebDriver.execute(RemoteWebDriver.java:545)
at org.openqa.selenium.remote.RemoteWebDriver.execute(RemoteWebDriver.java:602)
at org.openqa.selenium.remote.RemoteWebDriver.getScreenshotAs(RemoteWebDriver.java:291)
at com.testautomation.Listeners.ExtentReportListener.captureScreenShot(ExtentReportListener.java:73)
at com.testautomation.Listeners.ExtentReportListener.testStepHandle(ExtentReportListener.java:52)
at com.testautomation.StepDef.YoutubeChannelValidationsStepDef.click_on_channel_name(YoutubeChannelValidationsStepDef.java:88)
at ✽.Click on channel name(./features/CucumberHooks.feature:8)
]]>
            </full-stacktrace>
          </exception> <!-- org.openqa.selenium.NoSuchSessionException -->
          <reporter-output>
          </reporter-output>
        </test-method> <!-- feature -->
        <test-method status="PASS" signature="tearDownClass()[pri:0, instance:com.testautomation.TestRunner.TestRunner@2bbf4b8b]" name="tearDownClass" is-config="true" duration-ms="12" started-at="2019-09-24T10:00:29 IST" finished-at="2019-09-24T10:00:29 IST">
          <reporter-output>
          </reporter-output>
        </test-method> <!-- tearDownClass -->
      </class> <!-- com.testautomation.TestRunner.TestRunner -->
    </test> <!-- Automation Test Report -->
  </suite> <!-- Automation Test Report -->
</testng-results>
